Default float: float32
{'mode': 'dump', 'type': 'mnist', 'width': 3, 'height': 3, 'num_examples': 5000, 'aeclass': 'CubeSpaceAE_AMA4Conv', 'comment': 'kltune2', 'hash': '05-06T11:21:55.052'}
loaded. picsize: [48, 48]
(5000, 2, 48, 48, 1)
normalized shape: (48, 48, 1) (48, 48, 1)
IN DUMP... NO WEIGHT EQUAL FALSE
class precedence list:
  <class 'latplan.model.ConvolutionalConcreteDetNormalizedLogitAddBidirectionalTransitionAEPlus'>
  <class 'latplan.mixins.encoder_decoder.StridedConvolutionalMixin'>
  <class 'latplan.mixins.encoder_decoder.ConvolutionalMixin'>
  <class 'latplan.model.ConcreteDetNormalizedLogitAddBidirectionalTransitionAEPlus'>
  <class 'latplan.model.DetActionMixin'>
  <class 'latplan.model.NormalizedLogitAddBidirectionalMixin'>
  <class 'latplan.model.NormalizedLogitAddPreconditionMixin'>
  <class 'latplan.model.NormalizedLogitAddEffectMixin'>
  <class 'latplan.model.LogitEffectMixin'>
  <class 'latplan.model.BaseActionMixinAMA4Plus'>
  <class 'latplan.model.BidirectionalMixin'>
  <class 'latplan.model.PreconditionMixin'>
  <class 'latplan.model.EffectMixin'>
  <class 'latplan.model.BaseActionMixin'>
  <class 'latplan.model.TransitionWrapper'>
  <class 'latplan.model.StateAE'>
  <class 'latplan.mixins.latent.ConcreteLatentMixin'>
  <class 'latplan.model.EarlyStopMixin'>
  <class 'latplan.mixins.encoder_decoder.FullConnectedMixin'>
  <class 'latplan.mixins.encoder_decoder.EncoderDecoderMixin'>
  <class 'latplan.model.AE'>
  <class 'latplan.network.Network'>
  <class 'object'>
clearning tf session
cleared tf session
IN LOAD IIJUUUKKSJSHSHSH
Loading networks from samples/puzzle_mnist_3_3_5000_CubeSpaceAE_AMA4Conv_kltune2/logs/05-06T11:21:55.052/ (with failure not allowed)
INSIDE ___LOAD
AVANT LOAD 
APRES LOAD 
Building networks
building a convolutional encoder
pool per layer: 1 depth: 2 total pool: 1 H: 48 W: 48 dH: 0 dW: 0
<keras.layers.convolutional.Conv2D object at 0x14cf2b6654f0>
[0, 48, 48, 1] -> (0, 48, 48, 32) : <keras.layers.convolutional.Conv2D object at 0x14cf2b6654f0>
<keras.layers.normalization.BatchNormalization object at 0x14cf2a59b670>
(0, 48, 48, 32) -> (0, 48, 48, 32) : <keras.layers.normalization.BatchNormalization object at 0x14cf2a59b670>
<keras.layers.core.Dropout object at 0x14cf2a59b730>
(0, 48, 48, 32) -> (0, 48, 48, 32) : <keras.layers.core.Dropout object at 0x14cf2a59b730>
<keras.layers.convolutional.Conv2D object at 0x14cf2a59b790>
(0, 48, 48, 32) -> (0, 48, 48, 32) : <keras.layers.convolutional.Conv2D object at 0x14cf2a59b790>
<keras.layers.normalization.BatchNormalization object at 0x14cf2a59b8e0>
(0, 48, 48, 32) -> (0, 48, 48, 32) : <keras.layers.normalization.BatchNormalization object at 0x14cf2a59b8e0>
<keras.layers.core.Dropout object at 0x14cf2a59b9a0>
(0, 48, 48, 32) -> (0, 48, 48, 32) : <keras.layers.core.Dropout object at 0x14cf2a59b9a0>
latent space shape is (48, 48, 32) : 300 propositions in total
building a convolutional decoder
pool per layer: 1 depth: 2 total pool: 1 H: 48 W: 48 dH: 0 dW: 0
<keras.layers.core.Reshape object at 0x14cf2a59bf70>
[0, 48, 48, 32] -> (0, 48, 48, 32) : <keras.layers.core.Reshape object at 0x14cf2a59bf70>
<keras.layers.convolutional.Conv2DTranspose object at 0x14cf2a59bfa0>
(0, 48, 48, 32) -> (0, 48, 48, 32) : <keras.layers.convolutional.Conv2DTranspose object at 0x14cf2a59bfa0>
<keras.layers.normalization.BatchNormalization object at 0x14cf2a5a1190>
(0, 48, 48, 32) -> (0, 48, 48, 32) : <keras.layers.normalization.BatchNormalization object at 0x14cf2a5a1190>
<keras.layers.core.Dropout object at 0x14cf2a5a16d0>
(0, 48, 48, 32) -> (0, 48, 48, 32) : <keras.layers.core.Dropout object at 0x14cf2a5a16d0>
<keras.layers.convolutional.Conv2DTranspose object at 0x14cf2a59be20>
(0, 48, 48, 32) -> (0, 48, 48, 1) : <keras.layers.convolutional.Conv2DTranspose object at 0x14cf2a59be20>
in _build_primary_0
in _build_primary_1
in _build_primary_2
in _build_primary_3
Network built
Building auxiliary networks
Auxiliary network built
LOADING WEIGHTS
loading additional networks
Network loaded
samples/puzzle_mnist_3_3_5000_CubeSpaceAE_AMA4Conv_kltune2/logs/05-06T11:21:55.052/actions.csv
IN LOAD IIJUUUKKSJSHSHSH
[1 0 0 ... 0 0 0]
1911
Saving to samples/puzzle_mnist_3_3_5000_CubeSpaceAE_AMA4Conv_kltune2/logs/05-06T11:21:55.052/available_actions.csv
Saving to samples/puzzle_mnist_3_3_5000_CubeSpaceAE_AMA4Conv_kltune2/logs/05-06T11:21:55.052/action_add4.csv
Saving to samples/puzzle_mnist_3_3_5000_CubeSpaceAE_AMA4Conv_kltune2/logs/05-06T11:21:55.052/action_del4.csv
Saving to samples/puzzle_mnist_3_3_5000_CubeSpaceAE_AMA4Conv_kltune2/logs/05-06T11:21:55.052/action_add4+ids.csv
Saving to samples/puzzle_mnist_3_3_5000_CubeSpaceAE_AMA4Conv_kltune2/logs/05-06T11:21:55.052/action_del4+ids.csv
Saving to samples/puzzle_mnist_3_3_5000_CubeSpaceAE_AMA4Conv_kltune2/logs/05-06T11:21:55.052/action_pos4.csv
Saving to samples/puzzle_mnist_3_3_5000_CubeSpaceAE_AMA4Conv_kltune2/logs/05-06T11:21:55.052/action_neg4.csv
Saving to samples/puzzle_mnist_3_3_5000_CubeSpaceAE_AMA4Conv_kltune2/logs/05-06T11:21:55.052/action_pos4+ids.csv
Saving to samples/puzzle_mnist_3_3_5000_CubeSpaceAE_AMA4Conv_kltune2/logs/05-06T11:21:55.052/action_neg4+ids.csv
IN DUMP 1
Default float: float32
{'mode': 'dump', 'type': 'mnist', 'width': 3, 'height': 3, 'num_examples': 5000, 'aeclass': 'CubeSpaceAE_AMA4Conv', 'comment': 'kltune2', 'hash': '05-06T11:21:55.052'}
loaded. picsize: [48, 48]
(5000, 2, 48, 48, 1)
normalized shape: (48, 48, 1) (48, 48, 1)
IN DUMP... NO WEIGHT EQUAL FALSE
class precedence list:
  <class 'latplan.model.ConvolutionalConcreteDetNormalizedLogitAddBidirectionalTransitionAEPlus'>
  <class 'latplan.mixins.encoder_decoder.StridedConvolutionalMixin'>
  <class 'latplan.mixins.encoder_decoder.ConvolutionalMixin'>
  <class 'latplan.model.ConcreteDetNormalizedLogitAddBidirectionalTransitionAEPlus'>
  <class 'latplan.model.DetActionMixin'>
  <class 'latplan.model.NormalizedLogitAddBidirectionalMixin'>
  <class 'latplan.model.NormalizedLogitAddPreconditionMixin'>
  <class 'latplan.model.NormalizedLogitAddEffectMixin'>
  <class 'latplan.model.LogitEffectMixin'>
  <class 'latplan.model.BaseActionMixinAMA4Plus'>
  <class 'latplan.model.BidirectionalMixin'>
  <class 'latplan.model.PreconditionMixin'>
  <class 'latplan.model.EffectMixin'>
  <class 'latplan.model.BaseActionMixin'>
  <class 'latplan.model.TransitionWrapper'>
  <class 'latplan.model.StateAE'>
  <class 'latplan.mixins.latent.ConcreteLatentMixin'>
  <class 'latplan.model.EarlyStopMixin'>
  <class 'latplan.mixins.encoder_decoder.FullConnectedMixin'>
  <class 'latplan.mixins.encoder_decoder.EncoderDecoderMixin'>
  <class 'latplan.model.AE'>
  <class 'latplan.network.Network'>
  <class 'object'>
clearning tf session
cleared tf session
IN LOAD IIJUUUKKSJSHSHSH
Loading networks from samples/puzzle_mnist_3_3_5000_CubeSpaceAE_AMA4Conv_kltune2/logs/05-06T11:21:55.052/ (with failure not allowed)
INSIDE ___LOAD
AVANT LOAD 
APRES LOAD 
Building networks
building a convolutional encoder
pool per layer: 1 depth: 2 total pool: 1 H: 48 W: 48 dH: 0 dW: 0
<keras.layers.convolutional.Conv2D object at 0x146a9409e4f0>
[0, 48, 48, 1] -> (0, 48, 48, 32) : <keras.layers.convolutional.Conv2D object at 0x146a9409e4f0>
<keras.layers.normalization.BatchNormalization object at 0x146a7297a670>
(0, 48, 48, 32) -> (0, 48, 48, 32) : <keras.layers.normalization.BatchNormalization object at 0x146a7297a670>
<keras.layers.core.Dropout object at 0x146a7297a730>
(0, 48, 48, 32) -> (0, 48, 48, 32) : <keras.layers.core.Dropout object at 0x146a7297a730>
<keras.layers.convolutional.Conv2D object at 0x146a7297a790>
(0, 48, 48, 32) -> (0, 48, 48, 32) : <keras.layers.convolutional.Conv2D object at 0x146a7297a790>
<keras.layers.normalization.BatchNormalization object at 0x146a7297a8e0>
(0, 48, 48, 32) -> (0, 48, 48, 32) : <keras.layers.normalization.BatchNormalization object at 0x146a7297a8e0>
<keras.layers.core.Dropout object at 0x146a7297a9a0>
(0, 48, 48, 32) -> (0, 48, 48, 32) : <keras.layers.core.Dropout object at 0x146a7297a9a0>
latent space shape is (48, 48, 32) : 300 propositions in total
building a convolutional decoder
pool per layer: 1 depth: 2 total pool: 1 H: 48 W: 48 dH: 0 dW: 0
<keras.layers.core.Reshape object at 0x146a7297af70>
[0, 48, 48, 32] -> (0, 48, 48, 32) : <keras.layers.core.Reshape object at 0x146a7297af70>
<keras.layers.convolutional.Conv2DTranspose object at 0x146a7297afa0>
(0, 48, 48, 32) -> (0, 48, 48, 32) : <keras.layers.convolutional.Conv2DTranspose object at 0x146a7297afa0>
<keras.layers.normalization.BatchNormalization object at 0x146a72980190>
(0, 48, 48, 32) -> (0, 48, 48, 32) : <keras.layers.normalization.BatchNormalization object at 0x146a72980190>
<keras.layers.core.Dropout object at 0x146a729806d0>
(0, 48, 48, 32) -> (0, 48, 48, 32) : <keras.layers.core.Dropout object at 0x146a729806d0>
<keras.layers.convolutional.Conv2DTranspose object at 0x146a7297ae20>
(0, 48, 48, 32) -> (0, 48, 48, 1) : <keras.layers.convolutional.Conv2DTranspose object at 0x146a7297ae20>
in _build_primary_0
in _build_primary_1
in _build_primary_2
in _build_primary_3
Network built
Building auxiliary networks
Auxiliary network built
LOADING WEIGHTS
loading additional networks
Network loaded
samples/puzzle_mnist_3_3_5000_CubeSpaceAE_AMA4Conv_kltune2/logs/05-06T11:21:55.052/actions.csv
IN LOAD IIJUUUKKSJSHSHSH
[1 0 0 ... 0 0 0]
1911
Saving to samples/puzzle_mnist_3_3_5000_CubeSpaceAE_AMA4Conv_kltune2/logs/05-06T11:21:55.052/available_actions.csv
Saving to samples/puzzle_mnist_3_3_5000_CubeSpaceAE_AMA4Conv_kltune2/logs/05-06T11:21:55.052/action_add4.csv
Saving to samples/puzzle_mnist_3_3_5000_CubeSpaceAE_AMA4Conv_kltune2/logs/05-06T11:21:55.052/action_del4.csv
Saving to samples/puzzle_mnist_3_3_5000_CubeSpaceAE_AMA4Conv_kltune2/logs/05-06T11:21:55.052/action_add4+ids.csv
Saving to samples/puzzle_mnist_3_3_5000_CubeSpaceAE_AMA4Conv_kltune2/logs/05-06T11:21:55.052/action_del4+ids.csv
Saving to samples/puzzle_mnist_3_3_5000_CubeSpaceAE_AMA4Conv_kltune2/logs/05-06T11:21:55.052/action_pos4.csv
Saving to samples/puzzle_mnist_3_3_5000_CubeSpaceAE_AMA4Conv_kltune2/logs/05-06T11:21:55.052/action_neg4.csv
Saving to samples/puzzle_mnist_3_3_5000_CubeSpaceAE_AMA4Conv_kltune2/logs/05-06T11:21:55.052/action_pos4+ids.csv
Saving to samples/puzzle_mnist_3_3_5000_CubeSpaceAE_AMA4Conv_kltune2/logs/05-06T11:21:55.052/action_neg4+ids.csv
IN DUMP 1
make: Entering directory '/g100_work/uBS21_InfGer_0/latplan-5.0.0/lisp'
make: Nothing to be done for 'all'.
make: Leaving directory '/g100_work/uBS21_InfGer_0/latplan-5.0.0/lisp'
make: Entering directory '/g100_work/uBS21_InfGer_0/latplan-5.0.0/lisp'
make: Nothing to be done for 'all'.
make: Leaving directory '/g100_work/uBS21_InfGer_0/latplan-5.0.0/lisp'
Default float: float32
@[     0.730 +     0.730] loaded puzzle
inside LOAD UUUUUUUUUUUUUUUUUU
IN LOAD IIJUUUKKSJSHSHSH
Loading networks from samples/puzzle_mnist_3_3_5000_CubeSpaceAE_AMA4Conv_kltune2/logs/05-06T11:21:55.052/ (with failure allowed)
INSIDE ___LOAD
AVANT LOAD 
APRES LOAD 
Building networks
building a convolutional encoder
pool per layer: 1 depth: 2 total pool: 1 H: 48 W: 48 dH: 0 dW: 0
<keras.layers.convolutional.Conv2D object at 0x14f495a8aa00>
[0, 48, 48, 1] -> (0, 48, 48, 32) : <keras.layers.convolutional.Conv2D object at 0x14f495a8aa00>
<keras.layers.normalization.BatchNormalization object at 0x14f495a8aac0>
(0, 48, 48, 32) -> (0, 48, 48, 32) : <keras.layers.normalization.BatchNormalization object at 0x14f495a8aac0>
<keras.layers.core.Dropout object at 0x14f495a8abe0>
(0, 48, 48, 32) -> (0, 48, 48, 32) : <keras.layers.core.Dropout object at 0x14f495a8abe0>
<keras.layers.convolutional.Conv2D object at 0x14f495b1ce80>
(0, 48, 48, 32) -> (0, 48, 48, 32) : <keras.layers.convolutional.Conv2D object at 0x14f495b1ce80>
<keras.layers.normalization.BatchNormalization object at 0x14f495c04a30>
(0, 48, 48, 32) -> (0, 48, 48, 32) : <keras.layers.normalization.BatchNormalization object at 0x14f495c04a30>
<keras.layers.core.Dropout object at 0x14f495a9ab50>
(0, 48, 48, 32) -> (0, 48, 48, 32) : <keras.layers.core.Dropout object at 0x14f495a9ab50>
latent space shape is (48, 48, 32) : 300 propositions in total
building a convolutional decoder
pool per layer: 1 depth: 2 total pool: 1 H: 48 W: 48 dH: 0 dW: 0
<keras.layers.core.Reshape object at 0x14f495a9a190>
[0, 48, 48, 32] -> (0, 48, 48, 32) : <keras.layers.core.Reshape object at 0x14f495a9a190>
<keras.layers.convolutional.Conv2DTranspose object at 0x14f495a9a1c0>
(0, 48, 48, 32) -> (0, 48, 48, 32) : <keras.layers.convolutional.Conv2DTranspose object at 0x14f495a9a1c0>
<keras.layers.normalization.BatchNormalization object at 0x14f495a9aeb0>
(0, 48, 48, 32) -> (0, 48, 48, 32) : <keras.layers.normalization.BatchNormalization object at 0x14f495a9aeb0>
<keras.layers.core.Dropout object at 0x14f495a9ae20>
(0, 48, 48, 32) -> (0, 48, 48, 32) : <keras.layers.core.Dropout object at 0x14f495a9ae20>
<keras.layers.convolutional.Conv2DTranspose object at 0x14f495a9adf0>
(0, 48, 48, 32) -> (0, 48, 48, 1) : <keras.layers.convolutional.Conv2DTranspose object at 0x14f495a9adf0>
in _build_primary_0
in _build_primary_1
in _build_primary_2
in _build_primary_3
Network built
Building auxiliary networks
Auxiliary network built
LOADING WEIGHTS
loading additional networks
Network loaded
@[     6.226 +     5.496] loaded sae
@[     6.227 +     0.001] loaded puzzle
@[     6.227 +     0.000] loading init/goal
in autoencode_image
IN LOAD IIJUUUKKSJSHSHSH
IN LOAD IIJUUUKKSJSHSHSH
IN LOAD IIJUUUKKSJSHSHSH
IN LOAD IIJUUUKKSJSHSHSH
init (input) min: -1.9382502640929606 max: 3.0022268296181864
init (recon) min: -1.9385484 max: 3.0024915
init MSE: 0.00020837416575974086
in autoencode_image
IN LOAD IIJUUUKKSJSHSHSH
IN LOAD IIJUUUKKSJSHSHSH
IN LOAD IIJUUUKKSJSHSHSH
IN LOAD IIJUUUKKSJSHSHSH
goal (input) min: -2.146440791804289 max: 3.158903413052018
goal (recon) min: -2.0953228 max: 3.1005592
goal MSE: 0.0002402133120207268
IN LOAD IIJUUUKKSJSHSHSH
IN LOAD IIJUUUKKSJSHSHSH
IN LOAD IIJUUUKKSJSHSHSH
IN LOAD IIJUUUKKSJSHSHSH
IN LOAD IIJUUUKKSJSHSHSH
IN LOAD IIJUUUKKSJSHSHSH
IN LOAD IIJUUUKKSJSHSHSH
problem-generators/backup-propositional/vanilla/puzzle-mnist-3-3/007-000/ama3_samples_puzzle_mnist_3_3_5000_CubeSpaceAE_AMA4Conv_kltune2_logs_05-06T11:21:55.052_init_goal_reconstruction.1.png
PRINT LE PASS
problem-generators/backup-propositional/vanilla/puzzle-mnist-3-3/007-000/ama3_samples_puzzle_mnist_3_3_5000_CubeSpaceAE_AMA4Conv_kltune2_logs_05-06T11:21:55.052_init_goal_reconstruction.1.png
threshold value: 0.25
0 images have some panels which are unlike any panels
0 images have all panels which match exactly 1 panel each
2 images have some panels which match >2 panels
threshold value: 0.125
0 images have some panels which are unlike any panels
0 images have all panels which match exactly 1 panel each
2 images have some panels which match >2 panels
threshold value: 0.0625
0 images have some panels which are unlike any panels
2 images have all panels which match exactly 1 panel each
0 images have some panels which match >2 panels
threshold found
0 images have duplicated tiles
2 images have no duplicated tiles
@[    22.685 +    16.458] loaded init/goal
@[    22.687 +     0.002] start planning
@[    22.689 +     0.002] start generating problem
['helper/ama3-problem.sh', 'problem-generators/backup-propositional/vanilla/puzzle-mnist-3-3/007-000/ama3_samples_puzzle_mnist_3_3_5000_CubeSpaceAE_AMA4Conv_kltune2_logs_05-06T11:21:55.052_domain_blind_problem.ig', 'problem-generators/backup-propositional/vanilla/puzzle-mnist-3-3/007-000/ama3_samples_puzzle_mnist_3_3_5000_CubeSpaceAE_AMA4Conv_kltune2_logs_05-06T11:21:55.052_domain_blind_problem.pddl']
helper/ama3-problem.sh problem-generators/backup-propositional/vanilla/puzzle-mnist-3-3/007-000/ama3_samples_puzzle_mnist_3_3_5000_CubeSpaceAE_AMA4Conv_kltune2_logs_05-06T11:21:55.052_domain_blind_problem.ig problem-generators/backup-propositional/vanilla/puzzle-mnist-3-3/007-000/ama3_samples_puzzle_mnist_3_3_5000_CubeSpaceAE_AMA4Conv_kltune2_logs_05-06T11:21:55.052_domain_blind_problem.pddl
@[    22.777 +     0.088] finished generating problem
@[    22.777 +     0.000] start planning
['helper/fd-latest.sh', '--search astar(blind())', 'problem-generators/backup-propositional/vanilla/puzzle-mnist-3-3/007-000/ama3_samples_puzzle_mnist_3_3_5000_CubeSpaceAE_AMA4Conv_kltune2_logs_05-06T11:21:55.052_domain_blind_problem.pddl', 'samples/puzzle_mnist_3_3_5000_CubeSpaceAE_AMA4Conv_kltune2/logs/05-06T11:21:55.052/domain.pddl']
111111111
--search astar(blind())
2222222222222
problem-generators/backup-propositional/vanilla/puzzle-mnist-3-3/007-000/ama3_samples_puzzle_mnist_3_3_5000_CubeSpaceAE_AMA4Conv_kltune2_logs_05-06T11:21:55.052_domain_blind_problem.pddl
3333333333333
samples/puzzle_mnist_3_3_5000_CubeSpaceAE_AMA4Conv_kltune2/logs/05-06T11:21:55.052/domain.pddl
Default float: float32
@[     0.786 +     0.786] loaded puzzle
inside LOAD UUUUUUUUUUUUUUUUUU
IN LOAD IIJUUUKKSJSHSHSH
Loading networks from samples/puzzle_mnist_3_3_5000_CubeSpaceAE_AMA4Conv_kltune2/logs/05-06T11:21:55.052/ (with failure allowed)
INSIDE ___LOAD
AVANT LOAD 
APRES LOAD 
Building networks
building a convolutional encoder
pool per layer: 1 depth: 2 total pool: 1 H: 48 W: 48 dH: 0 dW: 0
<keras.layers.convolutional.Conv2D object at 0x14ef88795a00>
[0, 48, 48, 1] -> (0, 48, 48, 32) : <keras.layers.convolutional.Conv2D object at 0x14ef88795a00>
<keras.layers.normalization.BatchNormalization object at 0x14ef88795ac0>
(0, 48, 48, 32) -> (0, 48, 48, 32) : <keras.layers.normalization.BatchNormalization object at 0x14ef88795ac0>
<keras.layers.core.Dropout object at 0x14ef88795be0>
(0, 48, 48, 32) -> (0, 48, 48, 32) : <keras.layers.core.Dropout object at 0x14ef88795be0>
<keras.layers.convolutional.Conv2D object at 0x14ef88827e80>
(0, 48, 48, 32) -> (0, 48, 48, 32) : <keras.layers.convolutional.Conv2D object at 0x14ef88827e80>
<keras.layers.normalization.BatchNormalization object at 0x14ef8890fa30>
(0, 48, 48, 32) -> (0, 48, 48, 32) : <keras.layers.normalization.BatchNormalization object at 0x14ef8890fa30>
<keras.layers.core.Dropout object at 0x14ef887a5b50>
(0, 48, 48, 32) -> (0, 48, 48, 32) : <keras.layers.core.Dropout object at 0x14ef887a5b50>
latent space shape is (48, 48, 32) : 300 propositions in total
building a convolutional decoder
pool per layer: 1 depth: 2 total pool: 1 H: 48 W: 48 dH: 0 dW: 0
<keras.layers.core.Reshape object at 0x14ef887a5190>
[0, 48, 48, 32] -> (0, 48, 48, 32) : <keras.layers.core.Reshape object at 0x14ef887a5190>
<keras.layers.convolutional.Conv2DTranspose object at 0x14ef887a51c0>
(0, 48, 48, 32) -> (0, 48, 48, 32) : <keras.layers.convolutional.Conv2DTranspose object at 0x14ef887a51c0>
<keras.layers.normalization.BatchNormalization object at 0x14ef887a5eb0>
(0, 48, 48, 32) -> (0, 48, 48, 32) : <keras.layers.normalization.BatchNormalization object at 0x14ef887a5eb0>
<keras.layers.core.Dropout object at 0x14ef887a5e20>
(0, 48, 48, 32) -> (0, 48, 48, 32) : <keras.layers.core.Dropout object at 0x14ef887a5e20>
<keras.layers.convolutional.Conv2DTranspose object at 0x14ef887a5df0>
(0, 48, 48, 32) -> (0, 48, 48, 1) : <keras.layers.convolutional.Conv2DTranspose object at 0x14ef887a5df0>
in _build_primary_0
in _build_primary_1
in _build_primary_2
in _build_primary_3
Network built
Building auxiliary networks
Auxiliary network built
LOADING WEIGHTS
loading additional networks
Network loaded
@[     6.986 +     6.200] loaded sae
@[     6.987 +     0.001] loaded puzzle
@[     6.987 +     0.000] loading init/goal
in autoencode_image
IN LOAD IIJUUUKKSJSHSHSH
IN LOAD IIJUUUKKSJSHSHSH
IN LOAD IIJUUUKKSJSHSHSH
IN LOAD IIJUUUKKSJSHSHSH
init (input) min: -1.9382502640929606 max: 3.0022268296181864
init (recon) min: -1.9385484 max: 3.0024915
init MSE: 0.00020837424037205754
in autoencode_image
IN LOAD IIJUUUKKSJSHSHSH
IN LOAD IIJUUUKKSJSHSHSH
IN LOAD IIJUUUKKSJSHSHSH
IN LOAD IIJUUUKKSJSHSHSH
goal (input) min: -2.146440791804289 max: 3.158903413052018
goal (recon) min: -2.0953228 max: 3.100559
goal MSE: 0.0002402132900801592
IN LOAD IIJUUUKKSJSHSHSH
IN LOAD IIJUUUKKSJSHSHSH
IN LOAD IIJUUUKKSJSHSHSH
IN LOAD IIJUUUKKSJSHSHSH
IN LOAD IIJUUUKKSJSHSHSH
IN LOAD IIJUUUKKSJSHSHSH
IN LOAD IIJUUUKKSJSHSHSH
problem-generators/backup-propositional/vanilla/puzzle-mnist-3-3/007-000/ama3_samples_puzzle_mnist_3_3_5000_CubeSpaceAE_AMA4Conv_kltune2_logs_05-06T11:21:55.052_init_goal_reconstruction.1.png
PRINT LE PASS
problem-generators/backup-propositional/vanilla/puzzle-mnist-3-3/007-000/ama3_samples_puzzle_mnist_3_3_5000_CubeSpaceAE_AMA4Conv_kltune2_logs_05-06T11:21:55.052_init_goal_reconstruction.1.png
threshold value: 0.25
0 images have some panels which are unlike any panels
0 images have all panels which match exactly 1 panel each
2 images have some panels which match >2 panels
threshold value: 0.125
0 images have some panels which are unlike any panels
0 images have all panels which match exactly 1 panel each
2 images have some panels which match >2 panels
threshold value: 0.0625
0 images have some panels which are unlike any panels
2 images have all panels which match exactly 1 panel each
0 images have some panels which match >2 panels
threshold found
0 images have duplicated tiles
2 images have no duplicated tiles
@[    22.991 +    16.004] loaded init/goal
@[    22.993 +     0.001] start planning
@[    22.995 +     0.002] start generating problem
['helper/ama3-problem.sh', 'problem-generators/backup-propositional/vanilla/puzzle-mnist-3-3/007-000/ama3_samples_puzzle_mnist_3_3_5000_CubeSpaceAE_AMA4Conv_kltune2_logs_05-06T11:21:55.052_domain_blind_problem.ig', 'problem-generators/backup-propositional/vanilla/puzzle-mnist-3-3/007-000/ama3_samples_puzzle_mnist_3_3_5000_CubeSpaceAE_AMA4Conv_kltune2_logs_05-06T11:21:55.052_domain_blind_problem.pddl']
Running limit.sh(84148): -t 600 -m 8000000 -- planner-scripts/fd-latest-clean -o '--search astar(blind())' -- problem-generators/backup-propositional/vanilla/puzzle-mnist-3-3/007-000/ama3_samples_puzzle_mnist_3_3_5000_CubeSpaceAE_AMA4Conv_kltune2_logs_05-06T11:21:55.052_domain_blind_problem.pddl samples/puzzle_mnist_3_3_5000_CubeSpaceAE_AMA4Conv_kltune2/logs/05-06T11:21:55.052/domain.pddl
limit.sh(84148): mem: 8000000 kB, time: 600 sec
limit.sh(84148): pwd: /g100_work/uBS21_InfGer_0/latplan-5.0.0
limit.sh(84148): command to execute: planner-scripts/fd-latest-clean -o '--search astar(blind())' -- problem-generators/backup-propositional/vanilla/puzzle-mnist-3-3/007-000/ama3_samples_puzzle_mnist_3_3_5000_CubeSpaceAE_AMA4Conv_kltune2_logs_05-06T11:21:55.052_domain_blind_problem.pddl samples/puzzle_mnist_3_3_5000_CubeSpaceAE_AMA4Conv_kltune2/logs/05-06T11:21:55.052/domain.pddl
limit.sh(84148): note: time precision is 0.5 sec
loool ????????
/g100_work/uBS21_InfGer_0/latplan-5.0.0/planner-scripts
helper/ama3-problem.sh problem-generators/backup-propositional/vanilla/puzzle-mnist-3-3/007-000/ama3_samples_puzzle_mnist_3_3_5000_CubeSpaceAE_AMA4Conv_kltune2_logs_05-06T11:21:55.052_domain_blind_problem.ig problem-generators/backup-propositional/vanilla/puzzle-mnist-3-3/007-000/ama3_samples_puzzle_mnist_3_3_5000_CubeSpaceAE_AMA4Conv_kltune2_logs_05-06T11:21:55.052_domain_blind_problem.pddl
@[    23.077 +     0.082] finished generating problem
@[    23.077 +     0.000] start planning
['helper/fd-latest.sh', '--search astar(blind())', 'problem-generators/backup-propositional/vanilla/puzzle-mnist-3-3/007-000/ama3_samples_puzzle_mnist_3_3_5000_CubeSpaceAE_AMA4Conv_kltune2_logs_05-06T11:21:55.052_domain_blind_problem.pddl', 'samples/puzzle_mnist_3_3_5000_CubeSpaceAE_AMA4Conv_kltune2/logs/05-06T11:21:55.052/domain.pddl']
111111111
--search astar(blind())
2222222222222
problem-generators/backup-propositional/vanilla/puzzle-mnist-3-3/007-000/ama3_samples_puzzle_mnist_3_3_5000_CubeSpaceAE_AMA4Conv_kltune2_logs_05-06T11:21:55.052_domain_blind_problem.pddl
3333333333333
samples/puzzle_mnist_3_3_5000_CubeSpaceAE_AMA4Conv_kltune2/logs/05-06T11:21:55.052/domain.pddl
Running limit.sh(2050273): -t 600 -m 8000000 -- planner-scripts/fd-latest-clean -o '--search astar(blind())' -- problem-generators/backup-propositional/vanilla/puzzle-mnist-3-3/007-000/ama3_samples_puzzle_mnist_3_3_5000_CubeSpaceAE_AMA4Conv_kltune2_logs_05-06T11:21:55.052_domain_blind_problem.pddl samples/puzzle_mnist_3_3_5000_CubeSpaceAE_AMA4Conv_kltune2/logs/05-06T11:21:55.052/domain.pddl
limit.sh(2050273): mem: 8000000 kB, time: 600 sec
limit.sh(2050273): pwd: /g100_work/uBS21_InfGer_0/latplan-5.0.0
limit.sh(2050273): command to execute: planner-scripts/fd-latest-clean -o '--search astar(blind())' -- problem-generators/backup-propositional/vanilla/puzzle-mnist-3-3/007-000/ama3_samples_puzzle_mnist_3_3_5000_CubeSpaceAE_AMA4Conv_kltune2_logs_05-06T11:21:55.052_domain_blind_problem.pddl samples/puzzle_mnist_3_3_5000_CubeSpaceAE_AMA4Conv_kltune2/logs/05-06T11:21:55.052/domain.pddl
limit.sh(2050273): note: time precision is 0.5 sec
loool ????????
/g100_work/uBS21_InfGer_0/latplan-5.0.0/planner-scripts
finding FD installation from /g100_work/uBS21_InfGer_0/latplan-5.0.0/planner-scripts ...
finding FD installation from /g100_work/uBS21_InfGer_0/latplan-5.0.0 ...
found!: /g100_work/uBS21_InfGer_0/latplan-5.0.0/downward
finding FD installation from /g100_work/uBS21_InfGer_0/latplan-5.0.0/planner-scripts ...
finding FD installation from /g100_work/uBS21_InfGer_0/latplan-5.0.0 ...
found!: /g100_work/uBS21_InfGer_0/latplan-5.0.0/downward
common.sh(2050286): exiting...
[32;1m--------------------------------------------------------
Result:
common.sh(84161): exiting...
--------------------------------------------------------[0m
[32;1m--------------------------------------------------------
Result:
--------------------------------------------------------[0m
loool ???
limit.sh(2050273): The program successfully finished.
loool ???
limit.sh(84148): The program successfully finished.
@[    30.386 +     7.609] finished planning
planfileplanfileplanfile
problem-generators/backup-propositional/vanilla/puzzle-mnist-3-3/007-000/ama3_samples_puzzle_mnist_3_3_5000_CubeSpaceAE_AMA4Conv_kltune2_logs_05-06T11:21:55.052_domain_blind_problem.plan
['helper/fd-parser.awk', 'problem-generators/backup-propositional/vanilla/puzzle-mnist-3-3/007-000/ama3_samples_puzzle_mnist_3_3_5000_CubeSpaceAE_AMA4Conv_kltune2_logs_05-06T11:21:55.052_domain_blind_problem.log']
@[    30.520 +     7.443] finished planning
planfileplanfileplanfile
problem-generators/backup-propositional/vanilla/puzzle-mnist-3-3/007-000/ama3_samples_puzzle_mnist_3_3_5000_CubeSpaceAE_AMA4Conv_kltune2_logs_05-06T11:21:55.052_domain_blind_problem.plan
['helper/fd-parser.awk', 'problem-generators/backup-propositional/vanilla/puzzle-mnist-3-3/007-000/ama3_samples_puzzle_mnist_3_3_5000_CubeSpaceAE_AMA4Conv_kltune2_logs_05-06T11:21:55.052_domain_blind_problem.log']
['main.py', 'remove_duplicates', '../samples/puzzle_mnist_3_3_5000_CubeSpaceAE_AMA4Conv_kltune2/logs/05-06T11:21:55.052/domain.pddl', '../problem-generators/backup-propositional/vanilla/puzzle-mnist-3-3/007-000/ama3_samples_puzzle_mnist_3_3_5000_CubeSpaceAE_AMA4Conv_kltune2_logs_05-06T11:21:55.052_domain_blind_problem.pddl']
SELF REQUIREMENTS
['main.py', 'remove_duplicates', '../samples/puzzle_mnist_3_3_5000_CubeSpaceAE_AMA4Conv_kltune2/logs/05-06T11:21:55.052/domain.pddl', '../problem-generators/backup-propositional/vanilla/puzzle-mnist-3-3/007-000/ama3_samples_puzzle_mnist_3_3_5000_CubeSpaceAE_AMA4Conv_kltune2_logs_05-06T11:21:55.052_domain_blind_problem.pddl']
SELF REQUIREMENTS
['main.py', 'remove_not_from_prob', '../samples/puzzle_mnist_3_3_5000_CubeSpaceAE_AMA4Conv_kltune2/logs/05-06T11:21:55.052/domain.pddl', '../problem-generators/backup-propositional/vanilla/puzzle-mnist-3-3/007-000/ama3_samples_puzzle_mnist_3_3_5000_CubeSpaceAE_AMA4Conv_kltune2_logs_05-06T11:21:55.052_domain_blind_problem.pddl']
['main.py', 'remove_not_from_prob', '../samples/puzzle_mnist_3_3_5000_CubeSpaceAE_AMA4Conv_kltune2/logs/05-06T11:21:55.052/domain.pddl', '../problem-generators/backup-propositional/vanilla/puzzle-mnist-3-3/007-000/ama3_samples_puzzle_mnist_3_3_5000_CubeSpaceAE_AMA4Conv_kltune2_logs_05-06T11:21:55.052_domain_blind_problem.pddl']
Parsing...
Parsing...
Parsing: [1.210s CPU, 1.224s wall-clock]
Normalizing task... Parsing: [1.270s CPU, 1.265s wall-clock]
Normalizing task... [0.130s CPU, 0.135s wall-clock]
Instantiating...
Generating Datalog program... [0.140s CPU, 0.149s wall-clock]
Instantiating...
Generating Datalog program... [0.100s CPU, 0.091s wall-clock]
Normalizing Datalog program...
[0.110s CPU, 0.111s wall-clock]
Normalizing Datalog program...
Normalizing Datalog program: [0.080s CPU, 0.116s wall-clock]
Preparing model... Normalizing Datalog program: [0.080s CPU, 0.087s wall-clock]
Preparing model... [0.160s CPU, 0.167s wall-clock]
Generated 11843 rules.
Computing model... [0.020s CPU, 0.018s wall-clock]
1180 relevant atoms
0 auxiliary atoms
1180 final queue length
5807 total queue pushes
Completing instantiation... [0.000s CPU, 0.008s wall-clock]
Instantiating: [0.380s CPU, 0.410s wall-clock]
No relaxed solution! Generating unsolvable task...
Translator variables: 1
Translator derived variables: 0
Translator facts: 2
Translator goal facts: 1
Translator mutex groups: 0
Translator total mutex groups size: 0
Translator operators: 0
Translator axioms: 0
Translator task size: 4
Translator peak memory: 129856 KB
Writing output... [0.000s CPU, 0.039s wall-clock]
[0.200s CPU, 0.204s wall-clock]
Generated 11843 rules.
Computing model... Done! [1.720s CPU, 1.809s wall-clock]
[0.020s CPU, 0.019s wall-clock]
1180 relevant atoms
0 auxiliary atoms
1180 final queue length
5807 total queue pushes
Completing instantiation... [0.010s CPU, 0.010s wall-clock]
Instantiating: [0.430s CPU, 0.441s wall-clock]
No relaxed solution! Generating unsolvable task...
Translator variables: 1
Translator derived variables: 0
Translator facts: 2
Translator goal facts: 1
Translator mutex groups: 0
Translator total mutex groups size: 0
Translator operators: 0
Translator axioms: 0
Translator task size: 4
Translator peak memory: 129856 KB
Writing output... [0.000s CPU, 0.001s wall-clock]
Done! [1.850s CPU, 1.859s wall-clock]
Building causal graph...
The causal graph is acyclic.
1 variables of 1 necessary
0 of 0 mutex groups necessary.
0 of 0 operators necessary.
0 of 0 axiom rules necessary.
Initializing mutex computation...
Mutex computation initialized with 2 fluents.
iteration for mutex detection and operator pruning
Initialize m_index fw
Initialized mvalues forward: reached=1, notReached=1, spurious=2
Initialize m_ops fw
Computing mutexes...
Mutex computation finished with reached=1, notReached=1, spurious=2
0 operators are spurious because were not triggered
Unsolvable task in preprocessor
Building causal graph...
The causal graph is acyclic.
1 variables of 1 necessary
0 of 0 mutex groups necessary.
0 of 0 operators necessary.
0 of 0 axiom rules necessary.
Initializing mutex computation...
Mutex computation initialized with 2 fluents.
iteration for mutex detection and operator pruning
Initialize m_index fw
Initialized mvalues forward: reached=1, notReached=1, spurious=2
Initialize m_ops fw
Computing mutexes...
Mutex computation finished with reached=1, notReached=1, spurious=2
0 operators are spurious because were not triggered
Unsolvable task in preprocessor
done
done
