in Meta 0
in Meta 1
Default float: float32
{'mode': 'dump', 'type': 'mnist', 'width': 3, 'height': 3, 'num_examples': 5000, 'aeclass': 'CubeSpaceAE_AMA4Conv', 'comment': 'kltune2', 'hash': 'SomeTime480'}
loaded. picsize: [48, 48]
(5000, 2, 48, 48, 1)
normalized shape: (48, 48, 1) (48, 48, 1)
class precedence list:
  <class 'latplan.model.ConvolutionalConcreteDetNormalizedLogitAddBidirectionalTransitionAEPlus'>
  <class 'latplan.mixins.encoder_decoder.StridedConvolutionalMixin'>
  <class 'latplan.mixins.encoder_decoder.ConvolutionalMixin'>
  <class 'latplan.model.ConcreteDetNormalizedLogitAddBidirectionalTransitionAEPlus'>
  <class 'latplan.model.DetActionMixin'>
  <class 'latplan.model.NormalizedLogitAddBidirectionalMixin'>
  <class 'latplan.model.NormalizedLogitAddPreconditionMixin'>
  <class 'latplan.model.NormalizedLogitAddEffectMixin'>
  <class 'latplan.model.LogitEffectMixin'>
  <class 'latplan.model.BaseActionMixinAMA4Plus'>
  <class 'latplan.model.BidirectionalMixin'>
  <class 'latplan.model.PreconditionMixin'>
  <class 'latplan.model.EffectMixin'>
  <class 'latplan.model.BaseActionMixin'>
  <class 'latplan.model.TransitionWrapper'>
  <class 'latplan.model.StateAE'>
  <class 'latplan.mixins.latent.ConcreteLatentMixin'>
  <class 'latplan.model.EarlyStopMixin'>
  <class 'latplan.mixins.encoder_decoder.FullConnectedMixin'>
  <class 'latplan.mixins.encoder_decoder.EncoderDecoderMixin'>
  <class 'latplan.model.AE'>
  <class 'latplan.network.Network'>
  <class 'object'>
clearning tf session
cleared tf session
Loading networks from samples/puzzle_mnist_3_3_5000_CubeSpaceAE_AMA4Conv_kltune2/logs/SomeTime480/ (with failure not allowed)
Building networks
building a convolutional encoder
pool per layer: 1 depth: 2 total pool: 1 H: 48 W: 48 dH: 0 dW: 0
<keras.layers.convolutional.Conv2D object at 0x153188169eb0>
[0, 48, 48, 1] -> (0, 48, 48, 32) : <keras.layers.convolutional.Conv2D object at 0x153188169eb0>
<keras.layers.normalization.BatchNormalization object at 0x1531670b5d00>
(0, 48, 48, 32) -> (0, 48, 48, 32) : <keras.layers.normalization.BatchNormalization object at 0x1531670b5d00>
<keras.layers.core.Dropout object at 0x15316708e250>
(0, 48, 48, 32) -> (0, 48, 48, 32) : <keras.layers.core.Dropout object at 0x15316708e250>
<keras.layers.convolutional.Conv2D object at 0x15316708e2b0>
(0, 48, 48, 32) -> (0, 48, 48, 32) : <keras.layers.convolutional.Conv2D object at 0x15316708e2b0>
<keras.layers.normalization.BatchNormalization object at 0x15316708e3d0>
(0, 48, 48, 32) -> (0, 48, 48, 32) : <keras.layers.normalization.BatchNormalization object at 0x15316708e3d0>
<keras.layers.core.Dropout object at 0x15316708e490>
(0, 48, 48, 32) -> (0, 48, 48, 32) : <keras.layers.core.Dropout object at 0x15316708e490>
latent space shape is (48, 48, 32) : 100 propositions in total
building a convolutional decoder
pool per layer: 1 depth: 2 total pool: 1 H: 48 W: 48 dH: 0 dW: 0
<keras.layers.core.Reshape object at 0x15316708ea60>
[0, 48, 48, 32] -> (0, 48, 48, 32) : <keras.layers.core.Reshape object at 0x15316708ea60>
<keras.layers.convolutional.Conv2DTranspose object at 0x15316708ea90>
(0, 48, 48, 32) -> (0, 48, 48, 32) : <keras.layers.convolutional.Conv2DTranspose object at 0x15316708ea90>
<keras.layers.normalization.BatchNormalization object at 0x15316708ec70>
(0, 48, 48, 32) -> (0, 48, 48, 32) : <keras.layers.normalization.BatchNormalization object at 0x15316708ec70>
<keras.layers.core.Dropout object at 0x15316708ebe0>
(0, 48, 48, 32) -> (0, 48, 48, 32) : <keras.layers.core.Dropout object at 0x15316708ebe0>
<keras.layers.convolutional.Conv2DTranspose object at 0x15316708ebb0>
(0, 48, 48, 32) -> (0, 48, 48, 1) : <keras.layers.convolutional.Conv2DTranspose object at 0x15316708ebb0>
in _build_primary_0
in _build_primary_1
in _build_primary_2
in _build_primary_3
Network built
Building auxiliary networks
Auxiliary network built
LOADING WEIGHTS
loading additional networks
failed to find weights for additional networks
Network loaded
samples/puzzle_mnist_3_3_5000_CubeSpaceAE_AMA4Conv_kltune2/logs/SomeTime480/actions.csv
[1 1 0 ... 0 0 0]
1378
Saving to samples/puzzle_mnist_3_3_5000_CubeSpaceAE_AMA4Conv_kltune2/logs/SomeTime480/available_actions.csv
Saving to samples/puzzle_mnist_3_3_5000_CubeSpaceAE_AMA4Conv_kltune2/logs/SomeTime480/action_add4.csv
Saving to samples/puzzle_mnist_3_3_5000_CubeSpaceAE_AMA4Conv_kltune2/logs/SomeTime480/action_del4.csv
Saving to samples/puzzle_mnist_3_3_5000_CubeSpaceAE_AMA4Conv_kltune2/logs/SomeTime480/action_add4+ids.csv
Saving to samples/puzzle_mnist_3_3_5000_CubeSpaceAE_AMA4Conv_kltune2/logs/SomeTime480/action_del4+ids.csv
Saving to samples/puzzle_mnist_3_3_5000_CubeSpaceAE_AMA4Conv_kltune2/logs/SomeTime480/action_pos4.csv
Saving to samples/puzzle_mnist_3_3_5000_CubeSpaceAE_AMA4Conv_kltune2/logs/SomeTime480/action_neg4.csv
Saving to samples/puzzle_mnist_3_3_5000_CubeSpaceAE_AMA4Conv_kltune2/logs/SomeTime480/action_pos4+ids.csv
Saving to samples/puzzle_mnist_3_3_5000_CubeSpaceAE_AMA4Conv_kltune2/logs/SomeTime480/action_neg4+ids.csv
IN DUMP 1
make: Entering directory '/g100_work/uBS21_InfGer_0/latplan-5.0.0/lisp'
make: Nothing to be done for 'all'.
make: Leaving directory '/g100_work/uBS21_InfGer_0/latplan-5.0.0/lisp'
Default float: float32
@[     0.399 +     0.399] loaded puzzle
Loading networks from samples/puzzle_mnist_3_3_5000_CubeSpaceAE_AMA4Conv_kltune2/logs/SomeTime480/ (with failure allowed)
Building networks
building a convolutional encoder
pool per layer: 1 depth: 2 total pool: 1 H: 48 W: 48 dH: 0 dW: 0
<keras.layers.convolutional.Conv2D object at 0x15093d8cd250>
[0, 48, 48, 1] -> (0, 48, 48, 32) : <keras.layers.convolutional.Conv2D object at 0x15093d8cd250>
<keras.layers.normalization.BatchNormalization object at 0x15093d8cda60>
(0, 48, 48, 32) -> (0, 48, 48, 32) : <keras.layers.normalization.BatchNormalization object at 0x15093d8cda60>
<keras.layers.core.Dropout object at 0x15093d8cd6d0>
(0, 48, 48, 32) -> (0, 48, 48, 32) : <keras.layers.core.Dropout object at 0x15093d8cd6d0>
<keras.layers.convolutional.Conv2D object at 0x15093d8cdb50>
(0, 48, 48, 32) -> (0, 48, 48, 32) : <keras.layers.convolutional.Conv2D object at 0x15093d8cdb50>
<keras.layers.normalization.BatchNormalization object at 0x15093d88a280>
(0, 48, 48, 32) -> (0, 48, 48, 32) : <keras.layers.normalization.BatchNormalization object at 0x15093d88a280>
<keras.layers.core.Dropout object at 0x15093d88a340>
(0, 48, 48, 32) -> (0, 48, 48, 32) : <keras.layers.core.Dropout object at 0x15093d88a340>
latent space shape is (48, 48, 32) : 100 propositions in total
building a convolutional decoder
pool per layer: 1 depth: 2 total pool: 1 H: 48 W: 48 dH: 0 dW: 0
<keras.layers.core.Reshape object at 0x15093d88a910>
[0, 48, 48, 32] -> (0, 48, 48, 32) : <keras.layers.core.Reshape object at 0x15093d88a910>
<keras.layers.convolutional.Conv2DTranspose object at 0x15093d88a940>
(0, 48, 48, 32) -> (0, 48, 48, 32) : <keras.layers.convolutional.Conv2DTranspose object at 0x15093d88a940>
<keras.layers.normalization.BatchNormalization object at 0x15093d88ab20>
(0, 48, 48, 32) -> (0, 48, 48, 32) : <keras.layers.normalization.BatchNormalization object at 0x15093d88ab20>
<keras.layers.core.Dropout object at 0x15093d88aeb0>
(0, 48, 48, 32) -> (0, 48, 48, 32) : <keras.layers.core.Dropout object at 0x15093d88aeb0>
<keras.layers.convolutional.Conv2DTranspose object at 0x15093d88aa60>
(0, 48, 48, 32) -> (0, 48, 48, 1) : <keras.layers.convolutional.Conv2DTranspose object at 0x15093d88aa60>
in _build_primary_0
in _build_primary_1
in _build_primary_2
in _build_primary_3
Network built
Building auxiliary networks
Auxiliary network built
LOADING WEIGHTS
loading additional networks
failed to find weights for additional networks
Network loaded
@[     4.587 +     4.188] loaded sae
@[     4.587 +     0.000] loaded puzzle
@[     4.587 +     0.000] loading init/goal
init (input) min: -1.9382502640929606 max: 3.0022268296181864
init (recon) min: -1.9714085 max: 2.933656
init MSE: 0.000268327857487054
goal (input) min: -2.146440791804289 max: 3.158903413052018
goal (recon) min: -2.0523126 max: 3.0793047
goal MSE: 0.00025606557638063
problem-generators/backup-propositional/vanilla/puzzle-mnist-3-3/007-000/ama3_samples_puzzle_mnist_3_3_5000_CubeSpaceAE_AMA4Conv_kltune2_logs_SomeTime480_init_goal_reconstruction.1.png
threshold value: 0.25
0 images have some panels which are unlike any panels
0 images have all panels which match exactly 1 panel each
2 images have some panels which match >2 panels
threshold value: 0.125
0 images have some panels which are unlike any panels
0 images have all panels which match exactly 1 panel each
2 images have some panels which match >2 panels
threshold value: 0.0625
0 images have some panels which are unlike any panels
2 images have all panels which match exactly 1 panel each
0 images have some panels which match >2 panels
threshold found
0 images have duplicated tiles
2 images have no duplicated tiles
@[    11.181 +     6.594] loaded init/goal
@[    11.181 +     0.000] start planning
@[    11.181 +     0.000] start generating problem
['helper/ama3-problem.sh', 'problem-generators/backup-propositional/vanilla/puzzle-mnist-3-3/007-000/ama3_samples_puzzle_mnist_3_3_5000_CubeSpaceAE_AMA4Conv_kltune2_logs_SomeTime480_domain_blind_problem.ig', 'problem-generators/backup-propositional/vanilla/puzzle-mnist-3-3/007-000/ama3_samples_puzzle_mnist_3_3_5000_CubeSpaceAE_AMA4Conv_kltune2_logs_SomeTime480_domain_blind_problem.pddl']
helper/ama3-problem.sh problem-generators/backup-propositional/vanilla/puzzle-mnist-3-3/007-000/ama3_samples_puzzle_mnist_3_3_5000_CubeSpaceAE_AMA4Conv_kltune2_logs_SomeTime480_domain_blind_problem.ig problem-generators/backup-propositional/vanilla/puzzle-mnist-3-3/007-000/ama3_samples_puzzle_mnist_3_3_5000_CubeSpaceAE_AMA4Conv_kltune2_logs_SomeTime480_domain_blind_problem.pddl
@[    11.254 +     0.073] finished generating problem
@[    11.254 +     0.000] start planning
['helper/fd-latest.sh', '--search astar(blind())', 'problem-generators/backup-propositional/vanilla/puzzle-mnist-3-3/007-000/ama3_samples_puzzle_mnist_3_3_5000_CubeSpaceAE_AMA4Conv_kltune2_logs_SomeTime480_domain_blind_problem.pddl', 'samples/puzzle_mnist_3_3_5000_CubeSpaceAE_AMA4Conv_kltune2/logs/SomeTime480/domain.pddl']
@[    11.317 +     0.064] finished planning
['helper/fd-parser.awk', 'problem-generators/backup-propositional/vanilla/puzzle-mnist-3-3/007-000/ama3_samples_puzzle_mnist_3_3_5000_CubeSpaceAE_AMA4Conv_kltune2_logs_SomeTime480_domain_blind_problem.log']
['main.py', 'remove_duplicates', '../samples/puzzle_mnist_3_3_5000_CubeSpaceAE_AMA4Conv_kltune2/logs/SomeTime480/domain.pddl', '../problem-generators/backup-propositional/vanilla/puzzle-mnist-3-3/007-000/ama3_samples_puzzle_mnist_3_3_5000_CubeSpaceAE_AMA4Conv_kltune2_logs_SomeTime480_domain_blind_problem.pddl']
SELF REQUIREMENTS
['main.py', 'remove_not_from_prob', '../samples/puzzle_mnist_3_3_5000_CubeSpaceAE_AMA4Conv_kltune2/logs/SomeTime480/domain.pddl', '../problem-generators/backup-propositional/vanilla/puzzle-mnist-3-3/007-000/ama3_samples_puzzle_mnist_3_3_5000_CubeSpaceAE_AMA4Conv_kltune2_logs_SomeTime480_domain_blind_problem.pddl']
Parsing...
Parsing: [0.360s CPU, 0.357s wall-clock]
Normalizing task... [0.040s CPU, 0.041s wall-clock]
Instantiating...
Generating Datalog program... [0.040s CPU, 0.038s wall-clock]
Normalizing Datalog program...
Normalizing Datalog program: [0.060s CPU, 0.067s wall-clock]
Preparing model... [0.060s CPU, 0.063s wall-clock]
Generated 7524 rules.
Computing model... [0.030s CPU, 0.021s wall-clock]
1530 relevant atoms
0 auxiliary atoms
1530 final queue length
7555 total queue pushes
Completing instantiation... [0.080s CPU, 0.084s wall-clock]
Instantiating: [0.270s CPU, 0.276s wall-clock]
Computing fact groups...
Finding invariants...
99 initial candidates
Finding invariants: [21.630s CPU, 21.675s wall-clock]
Checking invariant weight... [0.000s CPU, 0.000s wall-clock]
Instantiating groups... [0.000s CPU, 0.000s wall-clock]
Collecting mutex groups... [0.000s CPU, 0.000s wall-clock]
Choosing groups...
99 uncovered facts
Choosing groups: [0.000s CPU, 0.000s wall-clock]
Building translation key... [0.000s CPU, 0.000s wall-clock]
Computing fact groups: [21.630s CPU, 21.676s wall-clock]
Building STRIPS to SAS dictionary... [0.000s CPU, 0.000s wall-clock]
Building dictionary for full mutex groups... [0.000s CPU, 0.000s wall-clock]
Building mutex information...
Building mutex information: [0.000s CPU, 0.000s wall-clock]
Translating task...
Processing axioms...
Simplifying axioms... [0.000s CPU, 0.000s wall-clock]
Translator axioms removed by simplifying: 0
Computing negative axioms... [0.000s CPU, 0.000s wall-clock]
Processing axioms: [0.010s CPU, 0.014s wall-clock]
Translating task: [0.180s CPU, 0.188s wall-clock]
5976 effect conditions simplified
0 implied preconditions added
Detecting unreachable propositions...
0 operators removed
0 axioms removed
0 propositions removed
Detecting unreachable propositions: [0.060s CPU, 0.058s wall-clock]
Reordering and filtering variables...
99 of 99 variables necessary.
0 of 0 mutex groups necessary.
1430 of 1430 operators necessary.
0 of 0 axiom rules necessary.
Reordering and filtering variables: [0.070s CPU, 0.071s wall-clock]
Translator variables: 99
Translator derived variables: 0
Translator facts: 198
Translator goal facts: 99
Translator mutex groups: 0
Translator total mutex groups size: 0
Translator operators: 1430
Translator axioms: 0
Translator task size: 36591
Translator peak memory: 275008 KB
Writing output... [0.020s CPU, 0.026s wall-clock]
Done! [22.640s CPU, 22.698s wall-clock]
Building causal graph...
The causal graph is not acyclic.
99 variables of 99 necessary
0 of 0 mutex groups necessary.
1430 of 1430 operators necessary.
0 of 0 axiom rules necessary.
Initializing mutex computation...
Mutex computation initialized with 198 fluents.
iteration for mutex detection and operator pruning
Initialize m_index fw
Initialized mvalues forward: reached=9801, notReached=29205, spurious=198
Initialize m_ops fw
Computing mutexes...
Mutex computation finished with reached=38992, notReached=14, spurious=198
0 operators are spurious because were not triggered
H^2 mutexes added fw: 14, unreachable: 0
0 of 1430 operators detected as spurious
Total mutex and disambiguation time: 0.063954 iterations: 2
7 of 7 mutex groups necessary.
1430 of 1430 operators necessary.
0 of 0 axiom rules necessary.
Change id of operators: 1430
Change id of mutexes
Change id of goals
Change id of initial state
Remove unreachable facts from variables: 99
7 of 7 mutex groups necessary.
1430 of 1430 operators necessary.
0 of 0 axiom rules necessary.
Updating causal graph and pruning unnecessary facts
99 variables of 99 of 99 necessary
The causal graph is not acyclic.
99 variables of 99 necessary
7 of 7 mutex groups necessary.
1430 of 1430 operators necessary.
0 of 0 axiom rules necessary.
Building domain transition graphs...
solveable in poly time 0
Building successor generator...
Preprocessor variables: 99
Preprocessor facts: 198
Preprocessor derived variables: 0
Preprocessor operators: 1430
mutexE type: 10MutexGroup
mutexE typeEE: St6vectorISt4pairIPK8VariableiESaIS4_EE
Variable : var92
Int : 0
Variable : var93
Int : 0
mutexE type: 10MutexGroup
mutexE typeEE: St6vectorISt4pairIPK8VariableiESaIS4_EE
Variable : var92
Int : 0
Variable : var94
Int : 0
mutexE type: 10MutexGroup
mutexE typeEE: St6vectorISt4pairIPK8VariableiESaIS4_EE
Variable : var92
Int : 0
Variable : var95
Int : 0
mutexE type: 10MutexGroup
mutexE typeEE: St6vectorISt4pairIPK8VariableiESaIS4_EE
Variable : var92
Int : 0
Variable : var96
Int : 0
mutexE type: 10MutexGroup
mutexE typeEE: St6vectorISt4pairIPK8VariableiESaIS4_EE
Variable : var92
Int : 0
Variable : var97
Int : 0
mutexE type: 10MutexGroup
mutexE typeEE: St6vectorISt4pairIPK8VariableiESaIS4_EE
Variable : var92
Int : 0
Variable : var98
Int : 0
mutexE type: 10MutexGroup
mutexE typeEE: St6vectorISt4pairIPK8VariableiESaIS4_EE
Variable : var93
Int : 0
Variable : var95
Int : 0
Preprocessor mutex groups: 7
Preprocessor task size: 36605
Writing output...
done
